<?xml version="1.0" encoding="UTF-8"?>
<testsuite name="Academy Choucair" tests="1" skipped="0" failures="0" errors="0" timestamp="2022-06-17T20:49:46" hostname="CPU247" time="17.227">
  <properties/>
  <testcase name="Search for a automation course" classname="Academy Choucair" time="17.227"/>
  <system-out><![CDATA[]]></system-out>
  <system-err><![CDATA[[Test worker] WARN net.thucydides.core.steps.BaseStepListener - stepStarted: net.thucydides.core.steps.ExecutedStepDescription@43fc20fc
[Test worker] WARN net.thucydides.core.steps.BaseStepListener - stepStarted: net.thucydides.core.steps.ExecutedStepDescription@7aab4573
[Test worker] WARN net.thucydides.core.steps.BaseStepListener - stepStarted: net.thucydides.core.steps.ExecutedStepDescription@592cccae
jun. 17, 2022 3:49:47 P. M. org.openqa.selenium.remote.DesiredCapabilities chrome
INFORMACIÓN: Using `new ChromeOptions()` is preferred to `DesiredCapabilities.chrome()`
[Test worker] INFO net.serenitybdd.core.webdriver.driverproviders.ProvideNewDriver - Instantiating driver
[Test worker] INFO net.serenitybdd.core.webdriver.driverproviders.ProvideNewDriver - Driver capabilities: Capabilities {acceptInsecureCerts: false, browserName: chrome, chrome.switches: --start-maximized, goog:chromeOptions: {args: [--start-maximized], extensions: []}, loggingPrefs: org.openqa.selenium.logging..., platform: ANY, version: }
Starting ChromeDriver 102.0.5005.61 (0e59bcc00cc4985ce39ad31c150065f159d95ad3-refs/branch-heads/5005@{#819}) on port 28272
Only local connections are allowed.
Please see https://chromedriver.chromium.org/security-considerations for suggestions on keeping ChromeDriver safe.
ChromeDriver was started successfully.
jun. 17, 2022 3:49:48 P. M. org.openqa.selenium.remote.ProtocolHandshake createSession
INFORMACIÓN: Detected dialect: W3C
[Test worker] WARN net.thucydides.core.steps.BaseStepListener - stepFinished: current outcome:Search for a automation course:Given than brandon wants to learn automation at yhe academy Choucair [Brandon open up [Brandon opens the Choucair academy page]]
[Test worker] WARN net.thucydides.core.steps.BaseStepListener - stepFinished: current outcome:Search for a automation course:Given than brandon wants to learn automation at yhe academy Choucair [Brandon open up [Brandon opens the Choucair academy page]]
[Test worker] WARN net.thucydides.core.steps.BaseStepListener - stepStarted: net.thucydides.core.steps.ExecutedStepDescription@3ddcc724
[Test worker] WARN net.thucydides.core.steps.BaseStepListener - stepStarted: net.thucydides.core.steps.ExecutedStepDescription@6ae9903
[Test worker] WARN net.thucydides.core.steps.BaseStepListener - stepFinished: current outcome:Search for a automation course:Given than brandon wants to learn automation at yhe academy Choucair [Brandon open up [Brandon opens the Choucair academy page], Brandon login [Brandon clicks on  button that show us the the form to login]]
[Test worker] WARN net.thucydides.core.steps.BaseStepListener - stepStarted: net.thucydides.core.steps.ExecutedStepDescription@5067a79c
[Test worker] WARN net.thucydides.core.steps.BaseStepListener - stepFinished: current outcome:Search for a automation course:Given than brandon wants to learn automation at yhe academy Choucair [Brandon open up [Brandon opens the Choucair academy page], Brandon login [Brandon clicks on  button that show us the the form to login, Brandon enters 'Edgar' into where do we write the firstName]]
[Test worker] WARN net.thucydides.core.steps.BaseStepListener - stepStarted: net.thucydides.core.steps.ExecutedStepDescription@10bb962a
[Test worker] WARN net.thucydides.core.steps.BaseStepListener - stepFinished: current outcome:Search for a automation course:Given than brandon wants to learn automation at yhe academy Choucair [Brandon open up [Brandon opens the Choucair academy page], Brandon login [Brandon clicks on  button that show us the the form to login, Brandon enters 'Edgar' into where do we write the firstName, Brandon enters 'Carlos' into where do we write the lastName]]
[Test worker] WARN net.thucydides.core.steps.BaseStepListener - stepStarted: net.thucydides.core.steps.ExecutedStepDescription@4a8198c3
[Test worker] WARN net.thucydides.core.steps.BaseStepListener - stepFinished: current outcome:Search for a automation course:Given than brandon wants to learn automation at yhe academy Choucair [Brandon open up [Brandon opens the Choucair academy page], Brandon login [Brandon clicks on  button that show us the the form to login, Brandon enters 'Edgar' into where do we write the firstName, Brandon enters 'Carlos' into where do we write the lastName, Brandon enters 'underoap@gmail.com' into where do we write the email]]
[Test worker] WARN net.thucydides.core.steps.BaseStepListener - stepStarted: net.thucydides.core.steps.ExecutedStepDescription@2dd3704
[Test worker] WARN net.thucydides.core.steps.BaseStepListener - stepFinished: current outcome:Search for a automation course:Given than brandon wants to learn automation at yhe academy Choucair [Brandon open up [Brandon opens the Choucair academy page], Brandon login [Brandon clicks on  button that show us the the form to login, Brandon enters 'Edgar' into where do we write the firstName, Brandon enters 'Carlos' into where do we write the lastName, Brandon enters 'underoap@gmail.com' into where do we write the email, Brandon enters 'February' into where do we write the birthMonth]]
[Test worker] WARN net.thucydides.core.steps.BaseStepListener - stepStarted: net.thucydides.core.steps.ExecutedStepDescription@20bb4651
[Test worker] WARN net.thucydides.core.steps.BaseStepListener - stepFinished: current outcome:Search for a automation course:Given than brandon wants to learn automation at yhe academy Choucair [Brandon open up [Brandon opens the Choucair academy page], Brandon login [Brandon clicks on  button that show us the the form to login, Brandon enters 'Edgar' into where do we write the firstName, Brandon enters 'Carlos' into where do we write the lastName, Brandon enters 'underoap@gmail.com' into where do we write the email, Brandon enters 'February' into where do we write the birthMonth, Brandon enters '8' into where do we write the birthDay]]
[Test worker] WARN net.thucydides.core.steps.BaseStepListener - stepStarted: net.thucydides.core.steps.ExecutedStepDescription@215e3c81
[Test worker] WARN net.thucydides.core.steps.BaseStepListener - stepFinished: current outcome:Search for a automation course:Given than brandon wants to learn automation at yhe academy Choucair [Brandon open up [Brandon opens the Choucair academy page], Brandon login [Brandon clicks on  button that show us the the form to login, Brandon enters 'Edgar' into where do we write the firstName, Brandon enters 'Carlos' into where do we write the lastName, Brandon enters 'underoap@gmail.com' into where do we write the email, Brandon enters 'February' into where do we write the birthMonth, Brandon enters '8' into where do we write the birthDay, Brandon enters '2004' into where do we write the birthYear]]
[Test worker] WARN net.thucydides.core.steps.BaseStepListener - stepStarted: net.thucydides.core.steps.ExecutedStepDescription@76b502fd
[Test worker] WARN net.thucydides.core.steps.BaseStepListener - stepFinished: current outcome:Search for a automation course:Given than brandon wants to learn automation at yhe academy Choucair [Brandon open up [Brandon opens the Choucair academy page], Brandon login [Brandon clicks on  button that show us the the form to login, Brandon enters 'Edgar' into where do we write the firstName, Brandon enters 'Carlos' into where do we write the lastName, Brandon enters 'underoap@gmail.com' into where do we write the email, Brandon enters 'February' into where do we write the birthMonth, Brandon enters '8' into where do we write the birthDay, Brandon enters '2004' into where do we write the birthYear, Brandon clicks on button to confirm login]]
[Test worker] WARN net.thucydides.core.steps.BaseStepListener - stepFinished: current outcome:Search for a automation course:Given than brandon wants to learn automation at yhe academy Choucair [Brandon open up [Brandon opens the Choucair academy page], Brandon login [Brandon clicks on  button that show us the the form to login, Brandon enters 'Edgar' into where do we write the firstName, Brandon enters 'Carlos' into where do we write the lastName, Brandon enters 'underoap@gmail.com' into where do we write the email, Brandon enters 'February' into where do we write the birthMonth, Brandon enters '8' into where do we write the birthDay, Brandon enters '2004' into where do we write the birthYear, Brandon clicks on button to confirm login]]
[Test worker] WARN net.thucydides.core.steps.BaseStepListener - stepFinished: current outcome:Search for a automation course:Given than brandon wants to learn automation at yhe academy Choucair [Brandon open up [Brandon opens the Choucair academy page], Brandon login [Brandon clicks on  button that show us the the form to login, Brandon enters 'Edgar' into where do we write the firstName, Brandon enters 'Carlos' into where do we write the lastName, Brandon enters 'underoap@gmail.com' into where do we write the email, Brandon enters 'February' into where do we write the birthMonth, Brandon enters '8' into where do we write the birthDay, Brandon enters '2004' into where do we write the birthYear, Brandon clicks on button to confirm login]]
[Test worker] WARN net.thucydides.core.steps.BaseStepListener - stepStarted: net.thucydides.core.steps.ExecutedStepDescription@5d338a35
[Test worker] WARN net.thucydides.core.steps.BaseStepListener - stepStarted: net.thucydides.core.steps.ExecutedStepDescription@4a3cd05d
[Test worker] WARN net.thucydides.core.steps.BaseStepListener - stepStarted: net.thucydides.core.steps.ExecutedStepDescription@3aa5c73c
[Test worker] WARN net.thucydides.core.steps.BaseStepListener - stepFinished: current outcome:Search for a automation course:Given than brandon wants to learn automation at yhe academy Choucair [Brandon open up [Brandon opens the Choucair academy page], Brandon login [Brandon clicks on  button that show us the the form to login, Brandon enters 'Edgar' into where do we write the firstName, Brandon enters 'Carlos' into where do we write the lastName, Brandon enters 'underoap@gmail.com' into where do we write the email, Brandon enters 'February' into where do we write the birthMonth, Brandon enters '8' into where do we write the birthDay, Brandon enters '2004' into where do we write the birthYear, Brandon clicks on button to confirm login]], When he search for the course Recursos Automatizacion Bancolombia on the choucair academy platform [Brandon search [Brandon enters 'Bucaramanga' into CIUDAD]]
[Test worker] WARN net.thucydides.core.steps.BaseStepListener - stepStarted: net.thucydides.core.steps.ExecutedStepDescription@286ee624
[Test worker] WARN net.thucydides.core.steps.BaseStepListener - stepFinished: current outcome:Search for a automation course:Given than brandon wants to learn automation at yhe academy Choucair [Brandon open up [Brandon opens the Choucair academy page], Brandon login [Brandon clicks on  button that show us the the form to login, Brandon enters 'Edgar' into where do we write the firstName, Brandon enters 'Carlos' into where do we write the lastName, Brandon enters 'underoap@gmail.com' into where do we write the email, Brandon enters 'February' into where do we write the birthMonth, Brandon enters '8' into where do we write the birthDay, Brandon enters '2004' into where do we write the birthYear, Brandon clicks on button to confirm login]], When he search for the course Recursos Automatizacion Bancolombia on the choucair academy platform [Brandon search [Brandon enters 'Bucaramanga' into CIUDAD, Brandon types 'ARROW_DOWN' in CIUDAD]]
[Test worker] WARN net.thucydides.core.steps.BaseStepListener - stepStarted: net.thucydides.core.steps.ExecutedStepDescription@1ffa28d7
[Test worker] WARN net.thucydides.core.steps.BaseStepListener - stepFinished: current outcome:Search for a automation course:Given than brandon wants to learn automation at yhe academy Choucair [Brandon open up [Brandon opens the Choucair academy page], Brandon login [Brandon clicks on  button that show us the the form to login, Brandon enters 'Edgar' into where do we write the firstName, Brandon enters 'Carlos' into where do we write the lastName, Brandon enters 'underoap@gmail.com' into where do we write the email, Brandon enters 'February' into where do we write the birthMonth, Brandon enters '8' into where do we write the birthDay, Brandon enters '2004' into where do we write the birthYear, Brandon clicks on button to confirm login]], When he search for the course Recursos Automatizacion Bancolombia on the choucair academy platform [Brandon search [Brandon enters 'Bucaramanga' into CIUDAD, Brandon types 'ARROW_DOWN' in CIUDAD, Brandon enters '' into zip]]
[Test worker] WARN net.thucydides.core.steps.BaseStepListener - stepStarted: net.thucydides.core.steps.ExecutedStepDescription@5a8b8edc
[Test worker] WARN net.thucydides.core.steps.BaseStepListener - stepFinished: current outcome:Search for a automation course:Given than brandon wants to learn automation at yhe academy Choucair [Brandon open up [Brandon opens the Choucair academy page], Brandon login [Brandon clicks on  button that show us the the form to login, Brandon enters 'Edgar' into where do we write the firstName, Brandon enters 'Carlos' into where do we write the lastName, Brandon enters 'underoap@gmail.com' into where do we write the email, Brandon enters 'February' into where do we write the birthMonth, Brandon enters '8' into where do we write the birthDay, Brandon enters '2004' into where do we write the birthYear, Brandon clicks on button to confirm login]], When he search for the course Recursos Automatizacion Bancolombia on the choucair academy platform [Brandon search [Brandon enters 'Bucaramanga' into CIUDAD, Brandon types 'ARROW_DOWN' in CIUDAD, Brandon enters '' into zip, Brandon enters '680005' into zip]]
[Test worker] WARN net.thucydides.core.steps.BaseStepListener - stepStarted: net.thucydides.core.steps.ExecutedStepDescription@3f01b1e9
[Test worker] WARN net.thucydides.core.steps.BaseStepListener - stepFinished: current outcome:Search for a automation course:Given than brandon wants to learn automation at yhe academy Choucair [Brandon open up [Brandon opens the Choucair academy page], Brandon login [Brandon clicks on  button that show us the the form to login, Brandon enters 'Edgar' into where do we write the firstName, Brandon enters 'Carlos' into where do we write the lastName, Brandon enters 'underoap@gmail.com' into where do we write the email, Brandon enters 'February' into where do we write the birthMonth, Brandon enters '8' into where do we write the birthDay, Brandon enters '2004' into where do we write the birthYear, Brandon clicks on button to confirm login]], When he search for the course Recursos Automatizacion Bancolombia on the choucair academy platform [Brandon search [Brandon enters 'Bucaramanga' into CIUDAD, Brandon types 'ARROW_DOWN' in CIUDAD, Brandon enters '' into zip, Brandon enters '680005' into zip, Brandon clicks on paso 2 ]]
[Test worker] WARN net.thucydides.core.steps.BaseStepListener - stepFinished: current outcome:Search for a automation course:Given than brandon wants to learn automation at yhe academy Choucair [Brandon open up [Brandon opens the Choucair academy page], Brandon login [Brandon clicks on  button that show us the the form to login, Brandon enters 'Edgar' into where do we write the firstName, Brandon enters 'Carlos' into where do we write the lastName, Brandon enters 'underoap@gmail.com' into where do we write the email, Brandon enters 'February' into where do we write the birthMonth, Brandon enters '8' into where do we write the birthDay, Brandon enters '2004' into where do we write the birthYear, Brandon clicks on button to confirm login]], When he search for the course Recursos Automatizacion Bancolombia on the choucair academy platform [Brandon search [Brandon enters 'Bucaramanga' into CIUDAD, Brandon types 'ARROW_DOWN' in CIUDAD, Brandon enters '' into zip, Brandon enters '680005' into zip, Brandon clicks on paso 2 ]]
[Test worker] WARN net.thucydides.core.steps.BaseStepListener - stepStarted: net.thucydides.core.steps.ExecutedStepDescription@3a0a1185
[Test worker] WARN net.thucydides.core.steps.BaseStepListener - stepStarted: net.thucydides.core.steps.ExecutedStepDescription@4a64d7d6
[Test worker] WARN net.thucydides.core.steps.BaseStepListener - stepFinished: current outcome:Search for a automation course:Given than brandon wants to learn automation at yhe academy Choucair [Brandon open up [Brandon opens the Choucair academy page], Brandon login [Brandon clicks on  button that show us the the form to login, Brandon enters 'Edgar' into where do we write the firstName, Brandon enters 'Carlos' into where do we write the lastName, Brandon enters 'underoap@gmail.com' into where do we write the email, Brandon enters 'February' into where do we write the birthMonth, Brandon enters '8' into where do we write the birthDay, Brandon enters '2004' into where do we write the birthYear, Brandon clicks on button to confirm login]], When he search for the course Recursos Automatizacion Bancolombia on the choucair academy platform [Brandon search [Brandon enters 'Bucaramanga' into CIUDAD, Brandon types 'ARROW_DOWN' in CIUDAD, Brandon enters '' into zip, Brandon enters '680005' into zip, Brandon clicks on paso 2 ], Brandon siguiente [Brandon clicks on paso 2 ]]
[Test worker] WARN net.thucydides.core.steps.BaseStepListener - stepFinished: current outcome:Search for a automation course:Given than brandon wants to learn automation at yhe academy Choucair [Brandon open up [Brandon opens the Choucair academy page], Brandon login [Brandon clicks on  button that show us the the form to login, Brandon enters 'Edgar' into where do we write the firstName, Brandon enters 'Carlos' into where do we write the lastName, Brandon enters 'underoap@gmail.com' into where do we write the email, Brandon enters 'February' into where do we write the birthMonth, Brandon enters '8' into where do we write the birthDay, Brandon enters '2004' into where do we write the birthYear, Brandon clicks on button to confirm login]], When he search for the course Recursos Automatizacion Bancolombia on the choucair academy platform [Brandon search [Brandon enters 'Bucaramanga' into CIUDAD, Brandon types 'ARROW_DOWN' in CIUDAD, Brandon enters '' into zip, Brandon enters '680005' into zip, Brandon clicks on paso 2 ], Brandon siguiente [Brandon clicks on paso 2 ]]
[Test worker] WARN net.thucydides.core.steps.BaseStepListener - stepStarted: net.thucydides.core.steps.ExecutedStepDescription@1b05411e
[Test worker] WARN net.thucydides.core.steps.BaseStepListener - stepStarted: net.thucydides.core.steps.ExecutedStepDescription@2a45f7a0
[Test worker] WARN net.thucydides.core.steps.BaseStepListener - stepFinished: current outcome:Search for a automation course:Given than brandon wants to learn automation at yhe academy Choucair [Brandon open up [Brandon opens the Choucair academy page], Brandon login [Brandon clicks on  button that show us the the form to login, Brandon enters 'Edgar' into where do we write the firstName, Brandon enters 'Carlos' into where do we write the lastName, Brandon enters 'underoap@gmail.com' into where do we write the email, Brandon enters 'February' into where do we write the birthMonth, Brandon enters '8' into where do we write the birthDay, Brandon enters '2004' into where do we write the birthYear, Brandon clicks on button to confirm login]], When he search for the course Recursos Automatizacion Bancolombia on the choucair academy platform [Brandon search [Brandon enters 'Bucaramanga' into CIUDAD, Brandon types 'ARROW_DOWN' in CIUDAD, Brandon enters '' into zip, Brandon enters '680005' into zip, Brandon clicks on paso 2 ], Brandon siguiente [Brandon clicks on paso 2 ], Brandon ultimosa [Brandon enters '1234Edgar*' into where do we write the Password]]
[Test worker] WARN net.thucydides.core.steps.BaseStepListener - stepStarted: net.thucydides.core.steps.ExecutedStepDescription@55b05593
[Test worker] WARN net.thucydides.core.steps.BaseStepListener - stepFinished: current outcome:Search for a automation course:Given than brandon wants to learn automation at yhe academy Choucair [Brandon open up [Brandon opens the Choucair academy page], Brandon login [Brandon clicks on  button that show us the the form to login, Brandon enters 'Edgar' into where do we write the firstName, Brandon enters 'Carlos' into where do we write the lastName, Brandon enters 'underoap@gmail.com' into where do we write the email, Brandon enters 'February' into where do we write the birthMonth, Brandon enters '8' into where do we write the birthDay, Brandon enters '2004' into where do we write the birthYear, Brandon clicks on button to confirm login]], When he search for the course Recursos Automatizacion Bancolombia on the choucair academy platform [Brandon search [Brandon enters 'Bucaramanga' into CIUDAD, Brandon types 'ARROW_DOWN' in CIUDAD, Brandon enters '' into zip, Brandon enters '680005' into zip, Brandon clicks on paso 2 ], Brandon siguiente [Brandon clicks on paso 2 ], Brandon ultimosa [Brandon enters '1234Edgar*' into where do we write the Password, Brandon enters '1234Edgar*' into where do we write the Password REPEAT]]
[Test worker] WARN net.thucydides.core.steps.BaseStepListener - stepStarted: net.thucydides.core.steps.ExecutedStepDescription@6d878e6a
[Test worker] WARN net.thucydides.core.steps.BaseStepListener - stepFinished: current outcome:Search for a automation course:Given than brandon wants to learn automation at yhe academy Choucair [Brandon open up [Brandon opens the Choucair academy page], Brandon login [Brandon clicks on  button that show us the the form to login, Brandon enters 'Edgar' into where do we write the firstName, Brandon enters 'Carlos' into where do we write the lastName, Brandon enters 'underoap@gmail.com' into where do we write the email, Brandon enters 'February' into where do we write the birthMonth, Brandon enters '8' into where do we write the birthDay, Brandon enters '2004' into where do we write the birthYear, Brandon clicks on button to confirm login]], When he search for the course Recursos Automatizacion Bancolombia on the choucair academy platform [Brandon search [Brandon enters 'Bucaramanga' into CIUDAD, Brandon types 'ARROW_DOWN' in CIUDAD, Brandon enters '' into zip, Brandon enters '680005' into zip, Brandon clicks on paso 2 ], Brandon siguiente [Brandon clicks on paso 2 ], Brandon ultimosa [Brandon enters '1234Edgar*' into where do we write the Password, Brandon enters '1234Edgar*' into where do we write the Password REPEAT, Brandon clicks on 1 CHECK]]
[Test worker] WARN net.thucydides.core.steps.BaseStepListener - stepStarted: net.thucydides.core.steps.ExecutedStepDescription@5e1b40af
[Test worker] WARN net.thucydides.core.steps.BaseStepListener - stepFinished: current outcome:Search for a automation course:Given than brandon wants to learn automation at yhe academy Choucair [Brandon open up [Brandon opens the Choucair academy page], Brandon login [Brandon clicks on  button that show us the the form to login, Brandon enters 'Edgar' into where do we write the firstName, Brandon enters 'Carlos' into where do we write the lastName, Brandon enters 'underoap@gmail.com' into where do we write the email, Brandon enters 'February' into where do we write the birthMonth, Brandon enters '8' into where do we write the birthDay, Brandon enters '2004' into where do we write the birthYear, Brandon clicks on button to confirm login]], When he search for the course Recursos Automatizacion Bancolombia on the choucair academy platform [Brandon search [Brandon enters 'Bucaramanga' into CIUDAD, Brandon types 'ARROW_DOWN' in CIUDAD, Brandon enters '' into zip, Brandon enters '680005' into zip, Brandon clicks on paso 2 ], Brandon siguiente [Brandon clicks on paso 2 ], Brandon ultimosa [Brandon enters '1234Edgar*' into where do we write the Password, Brandon enters '1234Edgar*' into where do we write the Password REPEAT, Brandon clicks on 1 CHECK, Brandon clicks on 2 CHECK]]
[Test worker] WARN net.thucydides.core.steps.BaseStepListener - stepStarted: net.thucydides.core.steps.ExecutedStepDescription@14b22a72
[Test worker] WARN net.thucydides.core.steps.BaseStepListener - stepFinished: current outcome:Search for a automation course:Given than brandon wants to learn automation at yhe academy Choucair [Brandon open up [Brandon opens the Choucair academy page], Brandon login [Brandon clicks on  button that show us the the form to login, Brandon enters 'Edgar' into where do we write the firstName, Brandon enters 'Carlos' into where do we write the lastName, Brandon enters 'underoap@gmail.com' into where do we write the email, Brandon enters 'February' into where do we write the birthMonth, Brandon enters '8' into where do we write the birthDay, Brandon enters '2004' into where do we write the birthYear, Brandon clicks on button to confirm login]], When he search for the course Recursos Automatizacion Bancolombia on the choucair academy platform [Brandon search [Brandon enters 'Bucaramanga' into CIUDAD, Brandon types 'ARROW_DOWN' in CIUDAD, Brandon enters '' into zip, Brandon enters '680005' into zip, Brandon clicks on paso 2 ], Brandon siguiente [Brandon clicks on paso 2 ], Brandon ultimosa [Brandon enters '1234Edgar*' into where do we write the Password, Brandon enters '1234Edgar*' into where do we write the Password REPEAT, Brandon clicks on 1 CHECK, Brandon clicks on 2 CHECK, Brandon clicks on 3 CHECK]]
[Test worker] WARN net.thucydides.core.steps.BaseStepListener - stepStarted: net.thucydides.core.steps.ExecutedStepDescription@7aa58a83
[Test worker] WARN net.thucydides.core.steps.BaseStepListener - stepFinished: current outcome:Search for a automation course:Given than brandon wants to learn automation at yhe academy Choucair [Brandon open up [Brandon opens the Choucair academy page], Brandon login [Brandon clicks on  button that show us the the form to login, Brandon enters 'Edgar' into where do we write the firstName, Brandon enters 'Carlos' into where do we write the lastName, Brandon enters 'underoap@gmail.com' into where do we write the email, Brandon enters 'February' into where do we write the birthMonth, Brandon enters '8' into where do we write the birthDay, Brandon enters '2004' into where do we write the birthYear, Brandon clicks on button to confirm login]], When he search for the course Recursos Automatizacion Bancolombia on the choucair academy platform [Brandon search [Brandon enters 'Bucaramanga' into CIUDAD, Brandon types 'ARROW_DOWN' in CIUDAD, Brandon enters '' into zip, Brandon enters '680005' into zip, Brandon clicks on paso 2 ], Brandon siguiente [Brandon clicks on paso 2 ], Brandon ultimosa [Brandon enters '1234Edgar*' into where do we write the Password, Brandon enters '1234Edgar*' into where do we write the Password REPEAT, Brandon clicks on 1 CHECK, Brandon clicks on 2 CHECK, Brandon clicks on 3 CHECK, Brandon clicks on FINAL]]
[Test worker] WARN net.thucydides.core.steps.BaseStepListener - stepFinished: current outcome:Search for a automation course:Given than brandon wants to learn automation at yhe academy Choucair [Brandon open up [Brandon opens the Choucair academy page], Brandon login [Brandon clicks on  button that show us the the form to login, Brandon enters 'Edgar' into where do we write the firstName, Brandon enters 'Carlos' into where do we write the lastName, Brandon enters 'underoap@gmail.com' into where do we write the email, Brandon enters 'February' into where do we write the birthMonth, Brandon enters '8' into where do we write the birthDay, Brandon enters '2004' into where do we write the birthYear, Brandon clicks on button to confirm login]], When he search for the course Recursos Automatizacion Bancolombia on the choucair academy platform [Brandon search [Brandon enters 'Bucaramanga' into CIUDAD, Brandon types 'ARROW_DOWN' in CIUDAD, Brandon enters '' into zip, Brandon enters '680005' into zip, Brandon clicks on paso 2 ], Brandon siguiente [Brandon clicks on paso 2 ], Brandon ultimosa [Brandon enters '1234Edgar*' into where do we write the Password, Brandon enters '1234Edgar*' into where do we write the Password REPEAT, Brandon clicks on 1 CHECK, Brandon clicks on 2 CHECK, Brandon clicks on 3 CHECK, Brandon clicks on FINAL]]
[Test worker] WARN net.thucydides.core.steps.BaseStepListener - stepFinished: current outcome:Search for a automation course:Given than brandon wants to learn automation at yhe academy Choucair [Brandon open up [Brandon opens the Choucair academy page], Brandon login [Brandon clicks on  button that show us the the form to login, Brandon enters 'Edgar' into where do we write the firstName, Brandon enters 'Carlos' into where do we write the lastName, Brandon enters 'underoap@gmail.com' into where do we write the email, Brandon enters 'February' into where do we write the birthMonth, Brandon enters '8' into where do we write the birthDay, Brandon enters '2004' into where do we write the birthYear, Brandon clicks on button to confirm login]], When he search for the course Recursos Automatizacion Bancolombia on the choucair academy platform [Brandon search [Brandon enters 'Bucaramanga' into CIUDAD, Brandon types 'ARROW_DOWN' in CIUDAD, Brandon enters '' into zip, Brandon enters '680005' into zip, Brandon clicks on paso 2 ], Brandon siguiente [Brandon clicks on paso 2 ], Brandon ultimosa [Brandon enters '1234Edgar*' into where do we write the Password, Brandon enters '1234Edgar*' into where do we write the Password REPEAT, Brandon clicks on 1 CHECK, Brandon clicks on 2 CHECK, Brandon clicks on 3 CHECK, Brandon clicks on FINAL]]
[Test worker] WARN net.thucydides.core.steps.BaseStepListener - stepStarted: net.thucydides.core.steps.ExecutedStepDescription@5be4dba
[Test worker] WARN net.thucydides.core.steps.BaseStepListener - stepFinished: current outcome:Search for a automation course:Given than brandon wants to learn automation at yhe academy Choucair [Brandon open up [Brandon opens the Choucair academy page], Brandon login [Brandon clicks on  button that show us the the form to login, Brandon enters 'Edgar' into where do we write the firstName, Brandon enters 'Carlos' into where do we write the lastName, Brandon enters 'underoap@gmail.com' into where do we write the email, Brandon enters 'February' into where do we write the birthMonth, Brandon enters '8' into where do we write the birthDay, Brandon enters '2004' into where do we write the birthYear, Brandon clicks on button to confirm login]], When he search for the course Recursos Automatizacion Bancolombia on the choucair academy platform [Brandon search [Brandon enters 'Bucaramanga' into CIUDAD, Brandon types 'ARROW_DOWN' in CIUDAD, Brandon enters '' into zip, Brandon enters '680005' into zip, Brandon clicks on paso 2 ], Brandon siguiente [Brandon clicks on paso 2 ], Brandon ultimosa [Brandon enters '1234Edgar*' into where do we write the Password, Brandon enters '1234Edgar*' into where do we write the Password REPEAT, Brandon clicks on 1 CHECK, Brandon clicks on 2 CHECK, Brandon clicks on 3 CHECK, Brandon clicks on FINAL]], Then he finds the cousrse called resources recursos automaticacion bancolombia
[Test worker] WARN net.thucydides.core.steps.BaseStepListener - testFinished: Search for a automation course:Given than brandon wants to learn automation at yhe academy Choucair [Brandon open up [Brandon opens the Choucair academy page], Brandon login [Brandon clicks on  button that show us the the form to login, Brandon enters 'Edgar' into where do we write the firstName, Brandon enters 'Carlos' into where do we write the lastName, Brandon enters 'underoap@gmail.com' into where do we write the email, Brandon enters 'February' into where do we write the birthMonth, Brandon enters '8' into where do we write the birthDay, Brandon enters '2004' into where do we write the birthYear, Brandon clicks on button to confirm login]], When he search for the course Recursos Automatizacion Bancolombia on the choucair academy platform [Brandon search [Brandon enters 'Bucaramanga' into CIUDAD, Brandon types 'ARROW_DOWN' in CIUDAD, Brandon enters '' into zip, Brandon enters '680005' into zip, Brandon clicks on paso 2 ], Brandon siguiente [Brandon clicks on paso 2 ], Brandon ultimosa [Brandon enters '1234Edgar*' into where do we write the Password, Brandon enters '1234Edgar*' into where do we write the Password REPEAT, Brandon clicks on 1 CHECK, Brandon clicks on 2 CHECK, Brandon clicks on 3 CHECK, Brandon clicks on FINAL]], Then he finds the cousrse called resources recursos automaticacion bancolombia
[Test worker] WARN net.thucydides.core.steps.BaseStepListener - TestOutcomes: [Search for a automation course:Given than brandon wants to learn automation at yhe academy Choucair [Brandon open up [Brandon opens the Choucair academy page], Brandon login [Brandon clicks on  button that show us the the form to login, Brandon enters 'Edgar' into where do we write the firstName, Brandon enters 'Carlos' into where do we write the lastName, Brandon enters 'underoap@gmail.com' into where do we write the email, Brandon enters 'February' into where do we write the birthMonth, Brandon enters '8' into where do we write the birthDay, Brandon enters '2004' into where do we write the birthYear, Brandon clicks on button to confirm login]], When he search for the course Recursos Automatizacion Bancolombia on the choucair academy platform [Brandon search [Brandon enters 'Bucaramanga' into CIUDAD, Brandon types 'ARROW_DOWN' in CIUDAD, Brandon enters '' into zip, Brandon enters '680005' into zip, Brandon clicks on paso 2 ], Brandon siguiente [Brandon clicks on paso 2 ], Brandon ultimosa [Brandon enters '1234Edgar*' into where do we write the Password, Brandon enters '1234Edgar*' into where do we write the Password REPEAT, Brandon clicks on 1 CHECK, Brandon clicks on 2 CHECK, Brandon clicks on 3 CHECK, Brandon clicks on FINAL]], Then he finds the cousrse called resources recursos automaticacion bancolombia]
[Test worker] WARN net.thucydides.core.steps.BaseStepListener - Final testOutcomes: [Search for a automation course:Given than brandon wants to learn automation at yhe academy Choucair [Brandon open up [Brandon opens the Choucair academy page], Brandon login [Brandon clicks on  button that show us the the form to login, Brandon enters 'Edgar' into where do we write the firstName, Brandon enters 'Carlos' into where do we write the lastName, Brandon enters 'underoap@gmail.com' into where do we write the email, Brandon enters 'February' into where do we write the birthMonth, Brandon enters '8' into where do we write the birthDay, Brandon enters '2004' into where do we write the birthYear, Brandon clicks on button to confirm login]], When he search for the course Recursos Automatizacion Bancolombia on the choucair academy platform [Brandon search [Brandon enters 'Bucaramanga' into CIUDAD, Brandon types 'ARROW_DOWN' in CIUDAD, Brandon enters '' into zip, Brandon enters '680005' into zip, Brandon clicks on paso 2 ], Brandon siguiente [Brandon clicks on paso 2 ], Brandon ultimosa [Brandon enters '1234Edgar*' into where do we write the Password, Brandon enters '1234Edgar*' into where do we write the Password REPEAT, Brandon clicks on 1 CHECK, Brandon clicks on 2 CHECK, Brandon clicks on 3 CHECK, Brandon clicks on FINAL]], Then he finds the cousrse called resources recursos automaticacion bancolombia]
[Test worker] INFO net.thucydides.core.steps.ConsoleLoggingListener - 
        __    _____ _____ ____ _____   ____   _    ____  ____  _____ ____  
  _     \ \  |_   _| ____/ ___|_   _| |  _ \ / \  / ___|/ ___|| ____|  _ \ 
 (_)_____| |   | | |  _| \___ \ | |   | |_) / _ \ \___ \\___ \|  _| | | | |
  _|_____| |   | | | |___ ___) || |   |  __/ ___ \ ___) |___) | |___| |_| |
 (_)     | |   |_| |_____|____/ |_|   |_| /_/   \_\____/|____/|_____|____/ 
        /_/                                                                

TEST PASSED: Search for a automation course
----------------------------------------------------------------------------
]]></system-err>
</testsuite>
